[debug] > Exec(;clean ;compile ;test ;run, None, None)
[debug] > Exec(clean, None, None)
[debug] Evaluating tasks: clean
[debug] Running task... Cancel: Signal, check cycles: false, forcegc: true
[success] Total time: 0 s, completed 15 Aug 2023, 15:49:32
[debug] > Exec(compile, None, None)
[debug] Evaluating tasks: Compile / compile
[debug] Running task... Cancel: Signal, check cycles: false, forcegc: true
[info] compiling 11 Scala sources to C:\Users\Tom\Programming\Chat-App\Akka-Scala-Chat-App\target\scala-2.13\classes ...
[warn] 3 deprecations (since 2.13.3); re-run with -deprecation for details
[warn] one warning found
[info] done compiling
[success] Total time: 4 s, completed 15 Aug 2023, 15:49:36
[debug] > Exec(test, None, None)
[debug] Evaluating tasks: Test / test
[debug] Running task... Cancel: Signal, check cycles: false, forcegc: true
[info] compiling 2 Scala sources to C:\Users\Tom\Programming\Chat-App\Akka-Scala-Chat-App\target\scala-2.13\test-classes ...
[warn] C:\Users\Tom\Programming\Chat-App\Akka-Scala-Chat-App\src\test\scala\ChatActorTest.scala:22:16: method without a parameter list overrides a method with a single empty one
[warn]   override def afterAll: Unit = {
[warn]                ^
[warn] 2 deprecations (since 2.13.3); re-run with -deprecation for details
[warn] two warnings found
[info] done compiling
[info] ChatActorTest:
[info] A ChatActor
[info] - should add user to the chat room on JoinChat message
[info] - should remove user from the chat room on LeaveChat message
[info] - should broadcast chat message to all users in the chat room
[info] Run completed in 613 milliseconds.
[info] Total number of tests run: 3
[info] Suites: completed 1, aborted 0
[info] Tests: succeeded 3, failed 0, canceled 0, ignored 0, pending 0
[info] All tests passed.
[success] Total time: 2 s, completed 15 Aug 2023, 15:49:38
[debug] > Exec(run, None, None)
[debug] Evaluating tasks: Compile / run
[debug] Running task... Cancel: Signal, check cycles: false, forcegc: true
[success] Total time: 0 s, completed 15 Aug 2023, 15:49:38
[debug] > Exec(idea-shell, None, None)
