[debug] > Exec(early(addDefaultCommands), None, None)
[debug] > Exec(addDefaultCommands, None, None)
[debug] > Exec(early(initialize), None, None)
[debug] > Exec(initialize, None, None)
[debug] > Exec(early(addPluginSbtFile="""C:\Users\Tom\AppData\Local\Temp\idea.sbt"""), None, None)
[debug] > Exec(addPluginSbtFile="""C:\Users\Tom\AppData\Local\Temp\idea.sbt""", None, None)
[debug] > Exec(boot, None, None)
[debug] > Exec(writeSbtVersion, None, None)
[debug] > Exec(reload, None, None)
[debug] > Exec(sbtStashOnFailure, None, None)
[debug] > Exec(onFailure loadFailed, None, None)
[debug] > Exec(loadp, None, None)
[info] welcome to sbt 1.9.3 (Oracle Corporation Java 19.0.2)
[debug]       Load.loadUnit: plugins took 91.2239ms
[debug]       Load.loadUnit: defsScala took 0.3322ms
[debug] [Loading] Scanning directory C:\Users\Tom\.sbt\1.0\plugins
[debug] [Loading] Found non-root projects 
[debug] [Loading] Done in C:\Users\Tom\.sbt\1.0\plugins, returning: ()
[debug] deducing auto plugins based on known facts Set(Atom(sbt.plugins.CorePlugin)) and clauses Clauses(Clause(Atom(sbt.plugins.JvmPlugin),Set(Atom(sbt.plugins.IvyPlugin)))
[debug] Clause(Atom(sbt.ScriptedPlugin),Set(Atom(sbt.plugins.JvmPlugin)))
[debug] Clause(Atom(sbt.plugins.SbtPlugin),Set(Atom(sbt.ScriptedPlugin)))
[debug] Clause(Atom(sbt.plugins.SemanticdbPlugin),Set(Atom(sbt.plugins.JvmPlugin)))
[debug] Clause(Atom(sbt.plugins.JUnitXmlReportPlugin),Set(Atom(sbt.plugins.JvmPlugin)))
[debug] Clause(Atom(sbt.plugins.MiniDependencyTreePlugin),Set(Atom(sbt.plugins.JvmPlugin)))
[debug] Clause(Atom(sbt.plugins.CorePlugin),Set(Atom(sbt.plugins.IvyPlugin)))
[debug] Clause(Atom(sbt.plugins.IvyPlugin),Set(Atom(sbt.plugins.JvmPlugin)))
[debug] Clause(Atom(sbt.plugins.JvmPlugin),Set(Atom(sbt.plugins.SemanticdbPlugin)))
[debug] Clause(Atom(sbt.plugins.JvmPlugin),Set(Atom(sbt.plugins.JUnitXmlReportPlugin)))
[debug] Clause(Atom(sbt.plugins.CorePlugin),Set(Atom(sbt.plugins.Giter8TemplatePlugin)))
[debug] Clause(Atom(sbt.plugins.JvmPlugin),Set(Atom(sbt.plugins.MiniDependencyTreePlugin))))
[debug]   :: deduced result: Matched(sbt.plugins.CorePlugin,sbt.plugins.Giter8TemplatePlugin,sbt.plugins.IvyPlugin,sbt.plugins.JvmPlugin,sbt.plugins.MiniDependencyTreePlugin,sbt.plugins.JUnitXmlReportPlugin,sbt.plugins.SemanticdbPlugin)
[debug] Plugins.deducer#function took 12.5005 ms
[debug]           Load.resolveProject(global-plugins) took 35.2916ms
[debug]         Load.loadTransitive: finalizeProject(Project(id global-plugins, base: C:\Users\Tom\.sbt\1.0\plugins, plugins: List(<none>))) took 66.7896ms
[debug] [Loading] Done in C:\Users\Tom\.sbt\1.0\plugins, returning: (global-plugins)
[debug]       Load.loadUnit: loadedProjectsRaw took 91.3627ms
[debug]       Load.loadUnit: cleanEvalClasses took 0.2789ms
[debug]     Load.loadUnit(file:/C:/Users/Tom/.sbt/1.0/plugins/, ...) took 193.6278ms
[debug]   Load.apply: load took 334.0084ms
[debug]   Load.apply: resolveProjects took 3.7331ms
[debug]   Load.apply: finalTransforms took 40.1639ms
[debug]   Load.apply: config.delegates took 7.7938ms
[debug]   Load.apply: Def.make(settings)... took 310.2135ms
[debug]   Load.apply: structureIndex took 88.3014ms
[debug]   Load.apply: mkStreams took 3.3466ms
[info] loading global plugins from C:\Users\Tom\.sbt\1.0\plugins
[debug] Running task... Cancel: Signal, check cycles: false, forcegc: true
[debug] Load.defaultLoad until apply took 1703.135ms
[debug]           Load.loadUnit: plugins took 16.369ms
[debug]           Load.loadUnit: defsScala took 0.0024ms
[debug] [Loading] Scanning directory C:\Users\Tom\Programming\Chat-App\Akka-Scala-Chat-App\project
[debug]             Load.loadUnit: mkEval took 3.4739ms
[debug] [Loading] Found non-root projects 
[debug] [Loading] Done in C:\Users\Tom\Programming\Chat-App\Akka-Scala-Chat-App\project, returning: ()
[debug] deducing auto plugins based on known facts Set(Atom(sbt.plugins.CorePlugin)) and clauses Clauses(Clause(Atom(sbt.plugins.JvmPlugin),Set(Atom(sbt.plugins.IvyPlugin)))
[debug] Clause(Atom(sbt.ScriptedPlugin),Set(Atom(sbt.plugins.JvmPlugin)))
[debug] Clause(Atom(sbt.plugins.SbtPlugin),Set(Atom(sbt.ScriptedPlugin)))
[debug] Clause(Atom(sbt.plugins.SemanticdbPlugin),Set(Atom(sbt.plugins.JvmPlugin)))
[debug] Clause(Atom(sbt.plugins.JUnitXmlReportPlugin),Set(Atom(sbt.plugins.JvmPlugin)))
[debug] Clause(Atom(sbt.plugins.MiniDependencyTreePlugin),Set(Atom(sbt.plugins.JvmPlugin)))
[debug] Clause(Atom(sbt.plugins.CorePlugin),Set(Atom(sbt.plugins.IvyPlugin)))
[debug] Clause(Atom(sbt.plugins.IvyPlugin),Set(Atom(sbt.plugins.JvmPlugin)))
[debug] Clause(Atom(sbt.plugins.JvmPlugin),Set(Atom(sbt.plugins.SemanticdbPlugin)))
[debug] Clause(Atom(sbt.plugins.JvmPlugin),Set(Atom(sbt.plugins.JUnitXmlReportPlugin)))
[debug] Clause(Atom(sbt.plugins.CorePlugin),Set(Atom(sbt.plugins.Giter8TemplatePlugin)))
[debug] Clause(Atom(sbt.plugins.JvmPlugin),Set(Atom(sbt.plugins.MiniDependencyTreePlugin))))
[debug]   :: deduced result: Matched(sbt.plugins.CorePlugin,sbt.plugins.Giter8TemplatePlugin,sbt.plugins.IvyPlugin,sbt.plugins.JvmPlugin,sbt.plugins.MiniDependencyTreePlugin,sbt.plugins.JUnitXmlReportPlugin,sbt.plugins.SemanticdbPlugin)
[debug] Plugins.deducer#function took 1.2523 ms
[info] loading settings for project akka-scala-chat-app-build from plugins.sbt,idea.sbt ...
[debug]               Load.resolveProject(akka-scala-chat-app-build) took 1.7079ms
[debug]             Load.loadTransitive: finalizeProject(Project(id akka-scala-chat-app-build, base: C:\Users\Tom\Programming\Chat-App\Akka-Scala-Chat-App\project, plugins: List(<none>))) took 3.376ms
[debug] [Loading] Done in C:\Users\Tom\Programming\Chat-App\Akka-Scala-Chat-App\project, returning: (akka-scala-chat-app-build)
[debug]           Load.loadUnit: loadedProjectsRaw took 1502.6743ms
[debug]           Load.loadUnit: cleanEvalClasses took 5.3025ms
[debug]         Load.loadUnit(file:/C:/Users/Tom/Programming/Chat-App/Akka-Scala-Chat-App/project/, ...) took 1524.9768ms
[debug]       Load.apply: load took 1525.9228ms
[debug]       Load.apply: resolveProjects took 0.0701ms
[debug]       Load.apply: finalTransforms took 7.8994ms
[debug]       Load.apply: config.delegates took 0.3045ms
[debug]       Load.apply: Def.make(settings)... took 48.657ms
[debug]       Load.apply: structureIndex took 22.9842ms
[debug]       Load.apply: mkStreams took 0.0032ms
[info] loading project definition from C:\Users\Tom\Programming\Chat-App\Akka-Scala-Chat-App\project
[debug] Running task... Cancel: Signal, check cycles: false, forcegc: true
[warn] Unrecognized repository Scala Plugin Bundled Repository, ignoring it
[warn] Unrecognized repository Scala Plugin Bundled Repository, ignoring it
[debug]     Load.loadUnit: plugins took 2365.9463ms
[debug]     Load.loadUnit: defsScala took 0.0056ms
[debug] [Loading] Scanning directory C:\Users\Tom\Programming\Chat-App\Akka-Scala-Chat-App
[debug]       Load.loadUnit: mkEval took 0.3065ms
[debug] [Loading] Found root project root w/ remaining 
[debug] deducing auto plugins based on known facts Set(Atom(sbt.plugins.CorePlugin)) and clauses Clauses(Clause(Atom(sbt.plugins.JvmPlugin),Set(Atom(sbt.plugins.IvyPlugin)))
[debug] Clause(Atom(sbt.ScriptedPlugin),Set(Atom(sbt.plugins.JvmPlugin)))
[debug] Clause(Atom(sbt.plugins.SbtPlugin),Set(Atom(sbt.ScriptedPlugin)))
[debug] Clause(Atom(sbt.plugins.SemanticdbPlugin),Set(Atom(sbt.plugins.JvmPlugin)))
[debug] Clause(Atom(sbt.plugins.JUnitXmlReportPlugin),Set(Atom(sbt.plugins.JvmPlugin)))
[debug] Clause(Atom(sbt.plugins.MiniDependencyTreePlugin),Set(Atom(sbt.plugins.JvmPlugin)))
[debug] Clause(Atom(sbtide.ConfigPlugin),Set(Atom(sbt.plugins.JvmPlugin)))
[debug] Clause(Atom(org.jetbrains.sbt.StructurePlugin),Set(Atom(sbt.plugins.JvmPlugin)))
[debug] Clause(Atom(org.jetbrains.sbt.IdeaShellPlugin),Set(Atom(sbt.plugins.JvmPlugin)))
[debug] Clause(Atom(org.jetbrains.sbt.indices.SbtIntellijIndicesPlugin),Set(Atom(sbt.plugins.JvmPlugin)))
[debug] Clause(Atom(sbt.plugins.CorePlugin),Set(Atom(sbt.plugins.IvyPlugin)))
[debug] Clause(Atom(sbt.plugins.IvyPlugin),Set(Atom(sbt.plugins.JvmPlugin)))
[debug] Clause(Atom(sbt.plugins.JvmPlugin),Set(Atom(sbt.plugins.SemanticdbPlugin)))
[debug] Clause(Atom(sbt.plugins.JvmPlugin),Set(Atom(sbt.plugins.JUnitXmlReportPlugin)))
[debug] Clause(Atom(sbt.plugins.CorePlugin),Set(Atom(sbt.plugins.Giter8TemplatePlugin)))
[debug] Clause(Atom(sbt.plugins.JvmPlugin),Set(Atom(sbt.plugins.MiniDependencyTreePlugin)))
[debug] Clause(Atom(sbt.plugins.JvmPlugin),Set(Atom(org.jetbrains.sbt.StructurePlugin)))
[debug] Clause(Atom(sbt.plugins.JvmPlugin),Set(Atom(org.jetbrains.sbt.IdeaShellPlugin)))
[debug] Clause(And(Set(Atom(sbt.plugins.CorePlugin), Atom(sbt.plugins.JvmPlugin))),Set(Atom(org.jetbrains.sbt.indices.SbtIntellijIndicesPlugin))))
[debug]   :: deduced result: Matched(sbt.plugins.CorePlugin,sbt.plugins.Giter8TemplatePlugin,sbt.plugins.IvyPlugin,sbt.plugins.JvmPlugin,sbt.plugins.SemanticdbPlugin,org.jetbrains.sbt.indices.SbtIntellijIndicesPlugin,sbt.plugins.JUnitXmlReportPlugin,org.jetbrains.sbt.IdeaShellPlugin,org.jetbrains.sbt.StructurePlugin,sbt.plugins.MiniDependencyTreePlugin)
[debug] Plugins.deducer#function took 1.2568 ms
[info] loading settings for project root from build.sbt ...
[debug]         Load.resolveProject(root) took 15.3687ms
[debug]       Load.loadTransitive: finalizeProject(Project(id root, base: C:\Users\Tom\Programming\Chat-App\Akka-Scala-Chat-App, plugins: List(<none>))) took 17.8065ms
[debug] [Loading] Done in C:\Users\Tom\Programming\Chat-App\Akka-Scala-Chat-App, returning: (root)
[debug]     Load.loadUnit: loadedProjectsRaw took 1250.0993ms
[debug]     Load.loadUnit: cleanEvalClasses took 27.6664ms
[debug]   Load.loadUnit(file:/C:/Users/Tom/Programming/Chat-App/Akka-Scala-Chat-App/, ...) took 3645.5318ms
[debug] Load.apply: load took 3647.1043ms
[debug] Load.apply: resolveProjects took 0.0738ms
[debug] Load.apply: finalTransforms took 15.147ms
[debug] Load.apply: config.delegates took 0.223ms
[debug] Load.apply: Def.make(settings)... took 44.5989ms
[debug] Load.apply: structureIndex took 20.4349ms
[debug] Load.apply: mkStreams took 0.002ms
[info] set current project to Akka-Scala-Chat-App (in build file:/C:/Users/Tom/Programming/Chat-App/Akka-Scala-Chat-App/)
[warn] there's a key that's not used by any other settings/tasks:
[warn]  
[warn] * root / idePackagePrefix
[warn]   +- C:\Users\Tom\Programming\Chat-App\Akka-Scala-Chat-App\build.sbt:8
[warn]  
[warn] note: a setting might still be used by a command; to exclude a key from this `lintUnused` check
[warn] either append it to `Global / excludeLintKeys` or call .withRank(KeyRanks.Invisible) on the key
[debug] > Exec(sbtPopOnFailure, None, None)
[debug] > Exec(resumeFromFailure, None, None)
[debug] > Exec(notifyUsersAboutShell, None, None)
[debug] > Exec(iflast shell, None, None)
[debug] > Exec(; set ideaPort in Global := 63016 ; idea-shell, None, None)
[debug] > Exec(set ideaPort in Global := 63016, None, None)
[info] Defining Global / ideaPort
[info] The new value will be used by Compile / compile, Test / compile
[debug] Defining 
[debug] 	Global / ideaPort
[debug] 
[debug] The new value will be used by 
[debug] 	Compile / compile
[debug] 	Test / compile
[info] Reapplying settings...
[info] set current project to Akka-Scala-Chat-App (in build file:/C:/Users/Tom/Programming/Chat-App/Akka-Scala-Chat-App/)
[debug] > Exec(idea-shell, None, None)
