[debug] > Exec(early(addDefaultCommands), None, None)
[debug] > Exec(addDefaultCommands, None, None)
[debug] > Exec(early(initialize), None, None)
[debug] > Exec(initialize, None, None)
[debug] > Exec(early(addPluginSbtFile="""C:\Users\Tom\AppData\Local\Temp\idea.sbt"""), None, None)
[debug] > Exec(addPluginSbtFile="""C:\Users\Tom\AppData\Local\Temp\idea.sbt""", None, None)
[debug] > Exec(boot, None, None)
[debug] > Exec(writeSbtVersion, None, None)
[debug] > Exec(reload, None, None)
[debug] > Exec(sbtStashOnFailure, None, None)
[debug] > Exec(onFailure loadFailed, None, None)
[debug] > Exec(loadp, None, None)
[info] welcome to sbt 1.9.3 (Oracle Corporation Java 19.0.2)
[debug]       Load.loadUnit: plugins took 82.4138ms
[debug]       Load.loadUnit: defsScala took 0.193ms
[debug] [Loading] Scanning directory C:\Users\Tom\.sbt\1.0\plugins
[debug] [Loading] Found non-root projects 
[debug] [Loading] Done in C:\Users\Tom\.sbt\1.0\plugins, returning: ()
[debug] deducing auto plugins based on known facts Set(Atom(sbt.plugins.CorePlugin)) and clauses Clauses(Clause(Atom(sbt.plugins.JvmPlugin),Set(Atom(sbt.plugins.IvyPlugin)))
[debug] Clause(Atom(sbt.ScriptedPlugin),Set(Atom(sbt.plugins.JvmPlugin)))
[debug] Clause(Atom(sbt.plugins.SbtPlugin),Set(Atom(sbt.ScriptedPlugin)))
[debug] Clause(Atom(sbt.plugins.SemanticdbPlugin),Set(Atom(sbt.plugins.JvmPlugin)))
[debug] Clause(Atom(sbt.plugins.JUnitXmlReportPlugin),Set(Atom(sbt.plugins.JvmPlugin)))
[debug] Clause(Atom(sbt.plugins.MiniDependencyTreePlugin),Set(Atom(sbt.plugins.JvmPlugin)))
[debug] Clause(Atom(sbt.plugins.CorePlugin),Set(Atom(sbt.plugins.IvyPlugin)))
[debug] Clause(Atom(sbt.plugins.IvyPlugin),Set(Atom(sbt.plugins.JvmPlugin)))
[debug] Clause(Atom(sbt.plugins.JvmPlugin),Set(Atom(sbt.plugins.SemanticdbPlugin)))
[debug] Clause(Atom(sbt.plugins.JvmPlugin),Set(Atom(sbt.plugins.JUnitXmlReportPlugin)))
[debug] Clause(Atom(sbt.plugins.CorePlugin),Set(Atom(sbt.plugins.Giter8TemplatePlugin)))
[debug] Clause(Atom(sbt.plugins.JvmPlugin),Set(Atom(sbt.plugins.MiniDependencyTreePlugin))))
[debug]   :: deduced result: Matched(sbt.plugins.CorePlugin,sbt.plugins.Giter8TemplatePlugin,sbt.plugins.IvyPlugin,sbt.plugins.JvmPlugin,sbt.plugins.MiniDependencyTreePlugin,sbt.plugins.JUnitXmlReportPlugin,sbt.plugins.SemanticdbPlugin)
[debug] Plugins.deducer#function took 12.3851 ms
[debug]           Load.resolveProject(global-plugins) took 35.7768ms
[debug]         Load.loadTransitive: finalizeProject(Project(id global-plugins, base: C:\Users\Tom\.sbt\1.0\plugins, plugins: List(<none>))) took 67.4267ms
[debug] [Loading] Done in C:\Users\Tom\.sbt\1.0\plugins, returning: (global-plugins)
[debug]       Load.loadUnit: loadedProjectsRaw took 93.5857ms
[debug]       Load.loadUnit: cleanEvalClasses took 0.1593ms
[debug]     Load.loadUnit(file:/C:/Users/Tom/.sbt/1.0/plugins/, ...) took 182.6299ms
[debug]   Load.apply: load took 314.1564ms
[debug]   Load.apply: resolveProjects took 3.8803ms
[debug]   Load.apply: finalTransforms took 41.5215ms
[debug]   Load.apply: config.delegates took 6.0068ms
[debug]   Load.apply: Def.make(settings)... took 294.7412ms
[debug]   Load.apply: structureIndex took 83.0973ms
[debug]   Load.apply: mkStreams took 1.3234ms
[info] loading global plugins from C:\Users\Tom\.sbt\1.0\plugins
[debug] Running task... Cancel: Signal, check cycles: false, forcegc: true
[debug] Load.defaultLoad until apply took 2836.7588ms
[debug]           Load.loadUnit: plugins took 17.9327ms
[debug]           Load.loadUnit: defsScala took 0.002ms
[debug] [Loading] Scanning directory C:\Users\Tom\Programming\Chat-App\Akka-Scala-Chat-App\project
[debug]             Load.loadUnit: mkEval took 3.8353ms
[debug] [Loading] Found non-root projects 
[debug] [Loading] Done in C:\Users\Tom\Programming\Chat-App\Akka-Scala-Chat-App\project, returning: ()
[debug] deducing auto plugins based on known facts Set(Atom(sbt.plugins.CorePlugin)) and clauses Clauses(Clause(Atom(sbt.plugins.JvmPlugin),Set(Atom(sbt.plugins.IvyPlugin)))
[debug] Clause(Atom(sbt.ScriptedPlugin),Set(Atom(sbt.plugins.JvmPlugin)))
[debug] Clause(Atom(sbt.plugins.SbtPlugin),Set(Atom(sbt.ScriptedPlugin)))
[debug] Clause(Atom(sbt.plugins.SemanticdbPlugin),Set(Atom(sbt.plugins.JvmPlugin)))
[debug] Clause(Atom(sbt.plugins.JUnitXmlReportPlugin),Set(Atom(sbt.plugins.JvmPlugin)))
[debug] Clause(Atom(sbt.plugins.MiniDependencyTreePlugin),Set(Atom(sbt.plugins.JvmPlugin)))
[debug] Clause(Atom(sbt.plugins.CorePlugin),Set(Atom(sbt.plugins.IvyPlugin)))
[debug] Clause(Atom(sbt.plugins.IvyPlugin),Set(Atom(sbt.plugins.JvmPlugin)))
[debug] Clause(Atom(sbt.plugins.JvmPlugin),Set(Atom(sbt.plugins.SemanticdbPlugin)))
[debug] Clause(Atom(sbt.plugins.JvmPlugin),Set(Atom(sbt.plugins.JUnitXmlReportPlugin)))
[debug] Clause(Atom(sbt.plugins.CorePlugin),Set(Atom(sbt.plugins.Giter8TemplatePlugin)))
[debug] Clause(Atom(sbt.plugins.JvmPlugin),Set(Atom(sbt.plugins.MiniDependencyTreePlugin))))
[debug]   :: deduced result: Matched(sbt.plugins.CorePlugin,sbt.plugins.Giter8TemplatePlugin,sbt.plugins.IvyPlugin,sbt.plugins.JvmPlugin,sbt.plugins.MiniDependencyTreePlugin,sbt.plugins.JUnitXmlReportPlugin,sbt.plugins.SemanticdbPlugin)
[debug] Plugins.deducer#function took 1.3822 ms
[info] loading settings for project akka-scala-chat-app-build from plugins.sbt,idea.sbt ...
[debug]               Load.resolveProject(akka-scala-chat-app-build) took 1.9075ms
[debug]             Load.loadTransitive: finalizeProject(Project(id akka-scala-chat-app-build, base: C:\Users\Tom\Programming\Chat-App\Akka-Scala-Chat-App\project, plugins: List(<none>))) took 3.6337ms
[debug] [Loading] Done in C:\Users\Tom\Programming\Chat-App\Akka-Scala-Chat-App\project, returning: (akka-scala-chat-app-build)
[debug]           Load.loadUnit: loadedProjectsRaw took 1755.7916ms
[debug]           Load.loadUnit: cleanEvalClasses took 7.193ms
[debug]         Load.loadUnit(file:/C:/Users/Tom/Programming/Chat-App/Akka-Scala-Chat-App/project/, ...) took 1781.586ms
[debug]       Load.apply: load took 1782.6766ms
[debug]       Load.apply: resolveProjects took 0.1ms
[debug]       Load.apply: finalTransforms took 6.9885ms
[debug]       Load.apply: config.delegates took 0.2602ms
[debug]       Load.apply: Def.make(settings)... took 44.9804ms
[debug]       Load.apply: structureIndex took 23.4667ms
[debug]       Load.apply: mkStreams took 0.0021ms
[info] loading project definition from C:\Users\Tom\Programming\Chat-App\Akka-Scala-Chat-App\project
[debug] Running task... Cancel: Signal, check cycles: false, forcegc: true
[warn] Unrecognized repository Scala Plugin Bundled Repository, ignoring it
[warn] Unrecognized repository Scala Plugin Bundled Repository, ignoring it
[debug]     Load.loadUnit: plugins took 2143.5405ms
[debug]     Load.loadUnit: defsScala took 0.0021ms
[debug] [Loading] Scanning directory C:\Users\Tom\Programming\Chat-App\Akka-Scala-Chat-App
[debug]       Load.loadUnit: mkEval took 0.1568ms
[debug] [Loading] Found root project root w/ remaining 
[debug] deducing auto plugins based on known facts Set(Atom(sbt.plugins.CorePlugin)) and clauses Clauses(Clause(Atom(sbt.plugins.JvmPlugin),Set(Atom(sbt.plugins.IvyPlugin)))
[debug] Clause(Atom(sbt.ScriptedPlugin),Set(Atom(sbt.plugins.JvmPlugin)))
[debug] Clause(Atom(sbt.plugins.SbtPlugin),Set(Atom(sbt.ScriptedPlugin)))
[debug] Clause(Atom(sbt.plugins.SemanticdbPlugin),Set(Atom(sbt.plugins.JvmPlugin)))
[debug] Clause(Atom(sbt.plugins.JUnitXmlReportPlugin),Set(Atom(sbt.plugins.JvmPlugin)))
[debug] Clause(Atom(sbt.plugins.MiniDependencyTreePlugin),Set(Atom(sbt.plugins.JvmPlugin)))
[debug] Clause(Atom(sbtide.ConfigPlugin),Set(Atom(sbt.plugins.JvmPlugin)))
[debug] Clause(Atom(org.jetbrains.sbt.StructurePlugin),Set(Atom(sbt.plugins.JvmPlugin)))
[debug] Clause(Atom(org.jetbrains.sbt.IdeaShellPlugin),Set(Atom(sbt.plugins.JvmPlugin)))
[debug] Clause(Atom(org.jetbrains.sbt.indices.SbtIntellijIndicesPlugin),Set(Atom(sbt.plugins.JvmPlugin)))
[debug] Clause(Atom(sbt.plugins.CorePlugin),Set(Atom(sbt.plugins.IvyPlugin)))
[debug] Clause(Atom(sbt.plugins.IvyPlugin),Set(Atom(sbt.plugins.JvmPlugin)))
[debug] Clause(Atom(sbt.plugins.JvmPlugin),Set(Atom(sbt.plugins.SemanticdbPlugin)))
[debug] Clause(Atom(sbt.plugins.JvmPlugin),Set(Atom(sbt.plugins.JUnitXmlReportPlugin)))
[debug] Clause(Atom(sbt.plugins.CorePlugin),Set(Atom(sbt.plugins.Giter8TemplatePlugin)))
[debug] Clause(Atom(sbt.plugins.JvmPlugin),Set(Atom(sbt.plugins.MiniDependencyTreePlugin)))
[debug] Clause(Atom(sbt.plugins.JvmPlugin),Set(Atom(org.jetbrains.sbt.StructurePlugin)))
[debug] Clause(Atom(sbt.plugins.JvmPlugin),Set(Atom(org.jetbrains.sbt.IdeaShellPlugin)))
[debug] Clause(And(Set(Atom(sbt.plugins.CorePlugin), Atom(sbt.plugins.JvmPlugin))),Set(Atom(org.jetbrains.sbt.indices.SbtIntellijIndicesPlugin))))
[debug]   :: deduced result: Matched(sbt.plugins.CorePlugin,sbt.plugins.Giter8TemplatePlugin,sbt.plugins.IvyPlugin,sbt.plugins.JvmPlugin,sbt.plugins.SemanticdbPlugin,org.jetbrains.sbt.indices.SbtIntellijIndicesPlugin,sbt.plugins.JUnitXmlReportPlugin,org.jetbrains.sbt.IdeaShellPlugin,org.jetbrains.sbt.StructurePlugin,sbt.plugins.MiniDependencyTreePlugin)
[debug] Plugins.deducer#function took 1.5724 ms
[info] loading settings for project root from build.sbt ...
[debug]         Load.resolveProject(root) took 21.7399ms
[debug]       Load.loadTransitive: finalizeProject(Project(id root, base: C:\Users\Tom\Programming\Chat-App\Akka-Scala-Chat-App, plugins: List(<none>))) took 24.2539ms
[debug] [Loading] Done in C:\Users\Tom\Programming\Chat-App\Akka-Scala-Chat-App, returning: (root)
[debug]     Load.loadUnit: loadedProjectsRaw took 1348.7662ms
[debug]     Load.loadUnit: cleanEvalClasses took 27.1673ms
[debug]   Load.loadUnit(file:/C:/Users/Tom/Programming/Chat-App/Akka-Scala-Chat-App/, ...) took 3520.0595ms
[debug] Load.apply: load took 3521.4521ms
[debug] Load.apply: resolveProjects took 0.0657ms
[debug] Load.apply: finalTransforms took 15.464ms
[debug] Load.apply: config.delegates took 0.2217ms
[debug] Load.apply: Def.make(settings)... took 53.8714ms
[debug] Load.apply: structureIndex took 30.1253ms
[debug] Load.apply: mkStreams took 0.0037ms
[info] set current project to Akka-Scala-Chat-App (in build file:/C:/Users/Tom/Programming/Chat-App/Akka-Scala-Chat-App/)
[warn] there's a key that's not used by any other settings/tasks:
[warn]  
[warn] * root / idePackagePrefix
[warn]   +- C:\Users\Tom\Programming\Chat-App\Akka-Scala-Chat-App\build.sbt:8
[warn]  
[warn] note: a setting might still be used by a command; to exclude a key from this `lintUnused` check
[warn] either append it to `Global / excludeLintKeys` or call .withRank(KeyRanks.Invisible) on the key
[debug] > Exec(sbtPopOnFailure, None, None)
[debug] > Exec(resumeFromFailure, None, None)
[debug] > Exec(notifyUsersAboutShell, None, None)
[debug] > Exec(iflast shell, None, None)
[debug] > Exec(; set ideaPort in Global := 53644 ; idea-shell, None, None)
[debug] > Exec(set ideaPort in Global := 53644, None, None)
[info] Defining Global / ideaPort
[info] The new value will be used by Compile / compile, Test / compile
[debug] Defining 
[debug] 	Global / ideaPort
[debug] 
[debug] The new value will be used by 
[debug] 	Compile / compile
[debug] 	Test / compile
[info] Reapplying settings...
[info] set current project to Akka-Scala-Chat-App (in build file:/C:/Users/Tom/Programming/Chat-App/Akka-Scala-Chat-App/)
[debug] > Exec(idea-shell, None, None)
