[debug] > Exec(early(addDefaultCommands), None, None)
[debug] > Exec(addDefaultCommands, None, None)
[debug] > Exec(early(initialize), None, None)
[debug] > Exec(initialize, None, None)
[debug] > Exec(early(addPluginSbtFile="""C:\Users\Tom\AppData\Local\Temp\idea.sbt"""), None, None)
[debug] > Exec(addPluginSbtFile="""C:\Users\Tom\AppData\Local\Temp\idea.sbt""", None, None)
[debug] > Exec(boot, None, None)
[debug] > Exec(writeSbtVersion, None, None)
[debug] > Exec(reload, None, None)
[debug] > Exec(sbtStashOnFailure, None, None)
[debug] > Exec(onFailure loadFailed, None, None)
[debug] > Exec(loadp, None, None)
[info] welcome to sbt 1.9.3 (Oracle Corporation Java 19.0.2)
[debug]       Load.loadUnit: plugins took 86.4394ms
[debug]       Load.loadUnit: defsScala took 0.2151ms
[debug] [Loading] Scanning directory C:\Users\Tom\.sbt\1.0\plugins
[debug] [Loading] Found non-root projects 
[debug] [Loading] Done in C:\Users\Tom\.sbt\1.0\plugins, returning: ()
[debug] deducing auto plugins based on known facts Set(Atom(sbt.plugins.CorePlugin)) and clauses Clauses(Clause(Atom(sbt.plugins.JvmPlugin),Set(Atom(sbt.plugins.IvyPlugin)))
[debug] Clause(Atom(sbt.ScriptedPlugin),Set(Atom(sbt.plugins.JvmPlugin)))
[debug] Clause(Atom(sbt.plugins.SbtPlugin),Set(Atom(sbt.ScriptedPlugin)))
[debug] Clause(Atom(sbt.plugins.SemanticdbPlugin),Set(Atom(sbt.plugins.JvmPlugin)))
[debug] Clause(Atom(sbt.plugins.JUnitXmlReportPlugin),Set(Atom(sbt.plugins.JvmPlugin)))
[debug] Clause(Atom(sbt.plugins.MiniDependencyTreePlugin),Set(Atom(sbt.plugins.JvmPlugin)))
[debug] Clause(Atom(sbt.plugins.CorePlugin),Set(Atom(sbt.plugins.IvyPlugin)))
[debug] Clause(Atom(sbt.plugins.IvyPlugin),Set(Atom(sbt.plugins.JvmPlugin)))
[debug] Clause(Atom(sbt.plugins.JvmPlugin),Set(Atom(sbt.plugins.SemanticdbPlugin)))
[debug] Clause(Atom(sbt.plugins.JvmPlugin),Set(Atom(sbt.plugins.JUnitXmlReportPlugin)))
[debug] Clause(Atom(sbt.plugins.CorePlugin),Set(Atom(sbt.plugins.Giter8TemplatePlugin)))
[debug] Clause(Atom(sbt.plugins.JvmPlugin),Set(Atom(sbt.plugins.MiniDependencyTreePlugin))))
[debug]   :: deduced result: Matched(sbt.plugins.CorePlugin,sbt.plugins.Giter8TemplatePlugin,sbt.plugins.IvyPlugin,sbt.plugins.JvmPlugin,sbt.plugins.MiniDependencyTreePlugin,sbt.plugins.JUnitXmlReportPlugin,sbt.plugins.SemanticdbPlugin)
[debug] Plugins.deducer#function took 17.0938 ms
[debug]           Load.resolveProject(global-plugins) took 36.2887ms
[debug]         Load.loadTransitive: finalizeProject(Project(id global-plugins, base: C:\Users\Tom\.sbt\1.0\plugins, plugins: List(<none>))) took 71.467ms
[debug] [Loading] Done in C:\Users\Tom\.sbt\1.0\plugins, returning: (global-plugins)
[debug]       Load.loadUnit: loadedProjectsRaw took 92.8995ms
[debug]       Load.loadUnit: cleanEvalClasses took 0.1388ms
[debug]     Load.loadUnit(file:/C:/Users/Tom/.sbt/1.0/plugins/, ...) took 188.0124ms
[debug]   Load.apply: load took 340.1127ms
[debug]   Load.apply: resolveProjects took 4.641ms
[debug]   Load.apply: finalTransforms took 43.0778ms
[debug]   Load.apply: config.delegates took 8.4143ms
[debug]   Load.apply: Def.make(settings)... took 311.1762ms
[debug]   Load.apply: structureIndex took 92.3208ms
[debug]   Load.apply: mkStreams took 1.4667ms
[info] loading global plugins from C:\Users\Tom\.sbt\1.0\plugins
[debug] Running task... Cancel: Signal, check cycles: false, forcegc: true
[debug] Load.defaultLoad until apply took 2877.6699ms
[debug]           Load.loadUnit: plugins took 17.1079ms
[debug]           Load.loadUnit: defsScala took 0.002ms
[debug] [Loading] Scanning directory C:\Users\Tom\Programming\Chat-App\Akka-Scala-Chat-App\project
[debug]             Load.loadUnit: mkEval took 3.1715ms
[debug] [Loading] Found non-root projects 
[debug] [Loading] Done in C:\Users\Tom\Programming\Chat-App\Akka-Scala-Chat-App\project, returning: ()
[debug] deducing auto plugins based on known facts Set(Atom(sbt.plugins.CorePlugin)) and clauses Clauses(Clause(Atom(sbt.plugins.JvmPlugin),Set(Atom(sbt.plugins.IvyPlugin)))
[debug] Clause(Atom(sbt.ScriptedPlugin),Set(Atom(sbt.plugins.JvmPlugin)))
[debug] Clause(Atom(sbt.plugins.SbtPlugin),Set(Atom(sbt.ScriptedPlugin)))
[debug] Clause(Atom(sbt.plugins.SemanticdbPlugin),Set(Atom(sbt.plugins.JvmPlugin)))
[debug] Clause(Atom(sbt.plugins.JUnitXmlReportPlugin),Set(Atom(sbt.plugins.JvmPlugin)))
[debug] Clause(Atom(sbt.plugins.MiniDependencyTreePlugin),Set(Atom(sbt.plugins.JvmPlugin)))
[debug] Clause(Atom(sbt.plugins.CorePlugin),Set(Atom(sbt.plugins.IvyPlugin)))
[debug] Clause(Atom(sbt.plugins.IvyPlugin),Set(Atom(sbt.plugins.JvmPlugin)))
[debug] Clause(Atom(sbt.plugins.JvmPlugin),Set(Atom(sbt.plugins.SemanticdbPlugin)))
[debug] Clause(Atom(sbt.plugins.JvmPlugin),Set(Atom(sbt.plugins.JUnitXmlReportPlugin)))
[debug] Clause(Atom(sbt.plugins.CorePlugin),Set(Atom(sbt.plugins.Giter8TemplatePlugin)))
[debug] Clause(Atom(sbt.plugins.JvmPlugin),Set(Atom(sbt.plugins.MiniDependencyTreePlugin))))
[debug]   :: deduced result: Matched(sbt.plugins.CorePlugin,sbt.plugins.Giter8TemplatePlugin,sbt.plugins.IvyPlugin,sbt.plugins.JvmPlugin,sbt.plugins.MiniDependencyTreePlugin,sbt.plugins.JUnitXmlReportPlugin,sbt.plugins.SemanticdbPlugin)
[debug] Plugins.deducer#function took 1.5853 ms
[info] loading settings for project akka-scala-chat-app-build from plugins.sbt,idea.sbt ...
[debug]               Load.resolveProject(akka-scala-chat-app-build) took 7.7447ms
[debug]             Load.loadTransitive: finalizeProject(Project(id akka-scala-chat-app-build, base: C:\Users\Tom\Programming\Chat-App\Akka-Scala-Chat-App\project, plugins: List(<none>))) took 9.7117ms
[debug] [Loading] Done in C:\Users\Tom\Programming\Chat-App\Akka-Scala-Chat-App\project, returning: (akka-scala-chat-app-build)
[debug]           Load.loadUnit: loadedProjectsRaw took 1528.5009ms
[debug]           Load.loadUnit: cleanEvalClasses took 5.8117ms
[debug]         Load.loadUnit(file:/C:/Users/Tom/Programming/Chat-App/Akka-Scala-Chat-App/project/, ...) took 1552.0344ms
[debug]       Load.apply: load took 1553.0213ms
[debug]       Load.apply: resolveProjects took 0.1138ms
[debug]       Load.apply: finalTransforms took 8.0985ms
[debug]       Load.apply: config.delegates took 0.2954ms
[debug]       Load.apply: Def.make(settings)... took 51.9896ms
[debug]       Load.apply: structureIndex took 23.4627ms
[debug]       Load.apply: mkStreams took 0.0029ms
[info] loading project definition from C:\Users\Tom\Programming\Chat-App\Akka-Scala-Chat-App\project
[debug] Running task... Cancel: Signal, check cycles: false, forcegc: true
[warn] Unrecognized repository Scala Plugin Bundled Repository, ignoring it
[warn] Unrecognized repository Scala Plugin Bundled Repository, ignoring it
[debug]     Load.loadUnit: plugins took 1930.5176ms
[debug]     Load.loadUnit: defsScala took 0.0022ms
[debug] [Loading] Scanning directory C:\Users\Tom\Programming\Chat-App\Akka-Scala-Chat-App
[debug]       Load.loadUnit: mkEval took 0.1805ms
[debug] [Loading] Found root project root w/ remaining 
[debug] deducing auto plugins based on known facts Set(Atom(sbt.plugins.CorePlugin)) and clauses Clauses(Clause(Atom(sbt.plugins.JvmPlugin),Set(Atom(sbt.plugins.IvyPlugin)))
[debug] Clause(Atom(sbt.ScriptedPlugin),Set(Atom(sbt.plugins.JvmPlugin)))
[debug] Clause(Atom(sbt.plugins.SbtPlugin),Set(Atom(sbt.ScriptedPlugin)))
[debug] Clause(Atom(sbt.plugins.SemanticdbPlugin),Set(Atom(sbt.plugins.JvmPlugin)))
[debug] Clause(Atom(sbt.plugins.JUnitXmlReportPlugin),Set(Atom(sbt.plugins.JvmPlugin)))
[debug] Clause(Atom(sbt.plugins.MiniDependencyTreePlugin),Set(Atom(sbt.plugins.JvmPlugin)))
[debug] Clause(Atom(sbtide.ConfigPlugin),Set(Atom(sbt.plugins.JvmPlugin)))
[debug] Clause(Atom(org.jetbrains.sbt.StructurePlugin),Set(Atom(sbt.plugins.JvmPlugin)))
[debug] Clause(Atom(org.jetbrains.sbt.IdeaShellPlugin),Set(Atom(sbt.plugins.JvmPlugin)))
[debug] Clause(Atom(org.jetbrains.sbt.indices.SbtIntellijIndicesPlugin),Set(Atom(sbt.plugins.JvmPlugin)))
[debug] Clause(Atom(sbt.plugins.CorePlugin),Set(Atom(sbt.plugins.IvyPlugin)))
[debug] Clause(Atom(sbt.plugins.IvyPlugin),Set(Atom(sbt.plugins.JvmPlugin)))
[debug] Clause(Atom(sbt.plugins.JvmPlugin),Set(Atom(sbt.plugins.SemanticdbPlugin)))
[debug] Clause(Atom(sbt.plugins.JvmPlugin),Set(Atom(sbt.plugins.JUnitXmlReportPlugin)))
[debug] Clause(Atom(sbt.plugins.CorePlugin),Set(Atom(sbt.plugins.Giter8TemplatePlugin)))
[debug] Clause(Atom(sbt.plugins.JvmPlugin),Set(Atom(sbt.plugins.MiniDependencyTreePlugin)))
[debug] Clause(Atom(sbt.plugins.JvmPlugin),Set(Atom(org.jetbrains.sbt.StructurePlugin)))
[debug] Clause(Atom(sbt.plugins.JvmPlugin),Set(Atom(org.jetbrains.sbt.IdeaShellPlugin)))
[debug] Clause(And(Set(Atom(sbt.plugins.CorePlugin), Atom(sbt.plugins.JvmPlugin))),Set(Atom(org.jetbrains.sbt.indices.SbtIntellijIndicesPlugin))))
[debug]   :: deduced result: Matched(sbt.plugins.CorePlugin,sbt.plugins.Giter8TemplatePlugin,sbt.plugins.IvyPlugin,sbt.plugins.JvmPlugin,sbt.plugins.SemanticdbPlugin,org.jetbrains.sbt.indices.SbtIntellijIndicesPlugin,sbt.plugins.JUnitXmlReportPlugin,org.jetbrains.sbt.IdeaShellPlugin,org.jetbrains.sbt.StructurePlugin,sbt.plugins.MiniDependencyTreePlugin)
[debug] Plugins.deducer#function took 1.4599 ms
[info] loading settings for project root from build.sbt ...
[debug]         Load.resolveProject(root) took 16.4468ms
[debug]       Load.loadTransitive: finalizeProject(Project(id root, base: C:\Users\Tom\Programming\Chat-App\Akka-Scala-Chat-App, plugins: List(<none>))) took 18.878ms
[debug] [Loading] Done in C:\Users\Tom\Programming\Chat-App\Akka-Scala-Chat-App, returning: (root)
[debug]     Load.loadUnit: loadedProjectsRaw took 1396.2036ms
[debug]     Load.loadUnit: cleanEvalClasses took 30.188ms
[debug]   Load.loadUnit(file:/C:/Users/Tom/Programming/Chat-App/Akka-Scala-Chat-App/, ...) took 3357.5012ms
[debug] Load.apply: load took 3358.778ms
[debug] Load.apply: resolveProjects took 0.1003ms
[debug] Load.apply: finalTransforms took 16.2738ms
[debug] Load.apply: config.delegates took 0.2329ms
[debug] Load.apply: Def.make(settings)... took 47.7791ms
[debug] Load.apply: structureIndex took 16.5279ms
[debug] Load.apply: mkStreams took 0.0024ms
[info] set current project to Akka-Scala-Chat-App (in build file:/C:/Users/Tom/Programming/Chat-App/Akka-Scala-Chat-App/)
[warn] there's a key that's not used by any other settings/tasks:
[warn]  
[warn] * root / idePackagePrefix
[warn]   +- C:\Users\Tom\Programming\Chat-App\Akka-Scala-Chat-App\build.sbt:8
[warn]  
[warn] note: a setting might still be used by a command; to exclude a key from this `lintUnused` check
[warn] either append it to `Global / excludeLintKeys` or call .withRank(KeyRanks.Invisible) on the key
[debug] > Exec(sbtPopOnFailure, None, None)
[debug] > Exec(resumeFromFailure, None, None)
[debug] > Exec(notifyUsersAboutShell, None, None)
[debug] > Exec(iflast shell, None, None)
[debug] > Exec(; set ideaPort in Global := 53495 ; idea-shell, None, None)
[debug] > Exec(set ideaPort in Global := 53495, None, None)
[info] Defining Global / ideaPort
[info] The new value will be used by Compile / compile, Test / compile
[debug] Defining 
[debug] 	Global / ideaPort
[debug] 
[debug] The new value will be used by 
[debug] 	Compile / compile
[debug] 	Test / compile
[info] Reapplying settings...
[info] set current project to Akka-Scala-Chat-App (in build file:/C:/Users/Tom/Programming/Chat-App/Akka-Scala-Chat-App/)
[debug] > Exec(idea-shell, None, None)
