[debug] > Exec(early(addDefaultCommands), None, None)
[debug] > Exec(addDefaultCommands, None, None)
[debug] > Exec(early(initialize), None, None)
[debug] > Exec(initialize, None, None)
[debug] > Exec(early(addPluginSbtFile="""C:\Users\Tom\AppData\Local\Temp\idea2.sbt"""), None, None)
[debug] > Exec(addPluginSbtFile="""C:\Users\Tom\AppData\Local\Temp\idea2.sbt""", None, None)
[debug] > Exec(boot, None, None)
[debug] > Exec(writeSbtVersion, None, None)
[debug] > Exec(reload, None, None)
[debug] > Exec(sbtStashOnFailure, None, None)
[debug] > Exec(onFailure loadFailed, None, None)
[debug] > Exec(loadp, None, None)
[info] welcome to sbt 1.9.3 (Oracle Corporation Java 17.0.2)
[debug]       Load.loadUnit: plugins took 73.5421ms
[debug]       Load.loadUnit: defsScala took 0.2014ms
[debug] [Loading] Scanning directory C:\Users\Tom\.sbt\1.0\plugins
[debug] [Loading] Found non-root projects 
[debug] [Loading] Done in C:\Users\Tom\.sbt\1.0\plugins, returning: ()
[debug] deducing auto plugins based on known facts Set(Atom(sbt.plugins.CorePlugin)) and clauses Clauses(Clause(Atom(sbt.plugins.JvmPlugin),Set(Atom(sbt.plugins.IvyPlugin)))
[debug] Clause(Atom(sbt.ScriptedPlugin),Set(Atom(sbt.plugins.JvmPlugin)))
[debug] Clause(Atom(sbt.plugins.SbtPlugin),Set(Atom(sbt.ScriptedPlugin)))
[debug] Clause(Atom(sbt.plugins.SemanticdbPlugin),Set(Atom(sbt.plugins.JvmPlugin)))
[debug] Clause(Atom(sbt.plugins.JUnitXmlReportPlugin),Set(Atom(sbt.plugins.JvmPlugin)))
[debug] Clause(Atom(sbt.plugins.MiniDependencyTreePlugin),Set(Atom(sbt.plugins.JvmPlugin)))
[debug] Clause(Atom(sbt.plugins.CorePlugin),Set(Atom(sbt.plugins.IvyPlugin)))
[debug] Clause(Atom(sbt.plugins.IvyPlugin),Set(Atom(sbt.plugins.JvmPlugin)))
[debug] Clause(Atom(sbt.plugins.JvmPlugin),Set(Atom(sbt.plugins.SemanticdbPlugin)))
[debug] Clause(Atom(sbt.plugins.JvmPlugin),Set(Atom(sbt.plugins.JUnitXmlReportPlugin)))
[debug] Clause(Atom(sbt.plugins.CorePlugin),Set(Atom(sbt.plugins.Giter8TemplatePlugin)))
[debug] Clause(Atom(sbt.plugins.JvmPlugin),Set(Atom(sbt.plugins.MiniDependencyTreePlugin))))
[debug]   :: deduced result: Matched(sbt.plugins.CorePlugin,sbt.plugins.Giter8TemplatePlugin,sbt.plugins.IvyPlugin,sbt.plugins.JvmPlugin,sbt.plugins.MiniDependencyTreePlugin,sbt.plugins.JUnitXmlReportPlugin,sbt.plugins.SemanticdbPlugin)
[debug] Plugins.deducer#function took 9.8034 ms
[debug]           Load.resolveProject(global-plugins) took 29.7941ms
[debug]         Load.loadTransitive: finalizeProject(Project(id global-plugins, base: C:\Users\Tom\.sbt\1.0\plugins, plugins: List(<none>))) took 56.2103ms
[debug] [Loading] Done in C:\Users\Tom\.sbt\1.0\plugins, returning: (global-plugins)
[debug]       Load.loadUnit: loadedProjectsRaw took 75.2267ms
[debug]       Load.loadUnit: cleanEvalClasses took 0.2193ms
[debug]     Load.loadUnit(file:/C:/Users/Tom/.sbt/1.0/plugins/, ...) took 156.4406ms
[debug]   Load.apply: load took 278.9168ms
[debug]   Load.apply: resolveProjects took 3.6856ms
[debug]   Load.apply: finalTransforms took 42.8207ms
[debug]   Load.apply: config.delegates took 6.1451ms
[debug]   Load.apply: Def.make(settings)... took 324.6361ms
[debug]   Load.apply: structureIndex took 82.3039ms
[debug]   Load.apply: mkStreams took 2.7804ms
[info] loading global plugins from C:\Users\Tom\.sbt\1.0\plugins
[debug] Running task... Cancel: Signal, check cycles: false, forcegc: true
[debug] Load.defaultLoad until apply took 1663.6427ms
[debug]           Load.loadUnit: plugins took 19.8528ms
[debug]           Load.loadUnit: defsScala took 0.0026ms
[debug] [Loading] Scanning directory C:\Users\Tom\Programming\Chat-App\Akka-Scala-Chat-App\project
[debug]             Load.loadUnit: mkEval took 3.4364ms
[debug] [Loading] Found non-root projects 
[debug] [Loading] Done in C:\Users\Tom\Programming\Chat-App\Akka-Scala-Chat-App\project, returning: ()
[debug] deducing auto plugins based on known facts Set(Atom(sbt.plugins.CorePlugin)) and clauses Clauses(Clause(Atom(sbt.plugins.JvmPlugin),Set(Atom(sbt.plugins.IvyPlugin)))
[debug] Clause(Atom(sbt.ScriptedPlugin),Set(Atom(sbt.plugins.JvmPlugin)))
[debug] Clause(Atom(sbt.plugins.SbtPlugin),Set(Atom(sbt.ScriptedPlugin)))
[debug] Clause(Atom(sbt.plugins.SemanticdbPlugin),Set(Atom(sbt.plugins.JvmPlugin)))
[debug] Clause(Atom(sbt.plugins.JUnitXmlReportPlugin),Set(Atom(sbt.plugins.JvmPlugin)))
[debug] Clause(Atom(sbt.plugins.MiniDependencyTreePlugin),Set(Atom(sbt.plugins.JvmPlugin)))
[debug] Clause(Atom(sbt.plugins.CorePlugin),Set(Atom(sbt.plugins.IvyPlugin)))
[debug] Clause(Atom(sbt.plugins.IvyPlugin),Set(Atom(sbt.plugins.JvmPlugin)))
[debug] Clause(Atom(sbt.plugins.JvmPlugin),Set(Atom(sbt.plugins.SemanticdbPlugin)))
[debug] Clause(Atom(sbt.plugins.JvmPlugin),Set(Atom(sbt.plugins.JUnitXmlReportPlugin)))
[debug] Clause(Atom(sbt.plugins.CorePlugin),Set(Atom(sbt.plugins.Giter8TemplatePlugin)))
[debug] Clause(Atom(sbt.plugins.JvmPlugin),Set(Atom(sbt.plugins.MiniDependencyTreePlugin))))
[debug]   :: deduced result: Matched(sbt.plugins.CorePlugin,sbt.plugins.Giter8TemplatePlugin,sbt.plugins.IvyPlugin,sbt.plugins.JvmPlugin,sbt.plugins.MiniDependencyTreePlugin,sbt.plugins.JUnitXmlReportPlugin,sbt.plugins.SemanticdbPlugin)
[debug] Plugins.deducer#function took 1.5633 ms
[info] loading settings for project akka-scala-chat-app-build from plugins.sbt,idea2.sbt ...
[debug]               Load.resolveProject(akka-scala-chat-app-build) took 3.2999ms
[debug]             Load.loadTransitive: finalizeProject(Project(id akka-scala-chat-app-build, base: C:\Users\Tom\Programming\Chat-App\Akka-Scala-Chat-App\project, plugins: List(<none>))) took 5.1808ms
[debug] [Loading] Done in C:\Users\Tom\Programming\Chat-App\Akka-Scala-Chat-App\project, returning: (akka-scala-chat-app-build)
[debug]           Load.loadUnit: loadedProjectsRaw took 103.7595ms
[debug]           Load.loadUnit: cleanEvalClasses took 5.8614ms
[debug]         Load.loadUnit(file:/C:/Users/Tom/Programming/Chat-App/Akka-Scala-Chat-App/project/, ...) took 130.0964ms
[debug]       Load.apply: load took 131.0318ms
[debug]       Load.apply: resolveProjects took 0.0694ms
[debug]       Load.apply: finalTransforms took 7.0394ms
[debug]       Load.apply: config.delegates took 0.2986ms
[debug]       Load.apply: Def.make(settings)... took 50.8175ms
[debug]       Load.apply: structureIndex took 23.7544ms
[debug]       Load.apply: mkStreams took 0.0026ms
[info] loading project definition from C:\Users\Tom\Programming\Chat-App\Akka-Scala-Chat-App\project
[debug] Running task... Cancel: Signal, check cycles: false, forcegc: true
[debug]     Load.loadUnit: plugins took 382.0826ms
[debug]     Load.loadUnit: defsScala took 0.0019ms
[debug] [Loading] Scanning directory C:\Users\Tom\Programming\Chat-App\Akka-Scala-Chat-App
[debug]       Load.loadUnit: mkEval took 0.2086ms
[debug] [Loading] Found root project root w/ remaining 
[debug] deducing auto plugins based on known facts Set(Atom(sbt.plugins.CorePlugin)) and clauses Clauses(Clause(Atom(sbt.plugins.JvmPlugin),Set(Atom(sbt.plugins.IvyPlugin)))
[debug] Clause(Atom(sbt.ScriptedPlugin),Set(Atom(sbt.plugins.JvmPlugin)))
[debug] Clause(Atom(sbt.plugins.SbtPlugin),Set(Atom(sbt.ScriptedPlugin)))
[debug] Clause(Atom(sbt.plugins.SemanticdbPlugin),Set(Atom(sbt.plugins.JvmPlugin)))
[debug] Clause(Atom(sbt.plugins.JUnitXmlReportPlugin),Set(Atom(sbt.plugins.JvmPlugin)))
[debug] Clause(Atom(sbt.plugins.MiniDependencyTreePlugin),Set(Atom(sbt.plugins.JvmPlugin)))
[debug] Clause(Atom(sbtide.ConfigPlugin),Set(Atom(sbt.plugins.JvmPlugin)))
[debug] Clause(Atom(org.jetbrains.sbt.StructurePlugin),Set(Atom(sbt.plugins.JvmPlugin)))
[debug] Clause(Atom(org.jetbrains.sbt.IdeaShellPlugin),Set(Atom(sbt.plugins.JvmPlugin)))
[debug] Clause(Atom(org.jetbrains.sbt.indices.SbtIntellijIndicesPlugin),Set(Atom(sbt.plugins.JvmPlugin)))
[debug] Clause(Atom(sbt.plugins.CorePlugin),Set(Atom(sbt.plugins.IvyPlugin)))
[debug] Clause(Atom(sbt.plugins.IvyPlugin),Set(Atom(sbt.plugins.JvmPlugin)))
[debug] Clause(Atom(sbt.plugins.JvmPlugin),Set(Atom(sbt.plugins.SemanticdbPlugin)))
[debug] Clause(Atom(sbt.plugins.JvmPlugin),Set(Atom(sbt.plugins.JUnitXmlReportPlugin)))
[debug] Clause(Atom(sbt.plugins.CorePlugin),Set(Atom(sbt.plugins.Giter8TemplatePlugin)))
[debug] Clause(Atom(sbt.plugins.JvmPlugin),Set(Atom(sbt.plugins.MiniDependencyTreePlugin)))
[debug] Clause(Atom(sbt.plugins.JvmPlugin),Set(Atom(org.jetbrains.sbt.StructurePlugin)))
[debug] Clause(Atom(sbt.plugins.JvmPlugin),Set(Atom(org.jetbrains.sbt.IdeaShellPlugin)))
[debug] Clause(And(Set(Atom(sbt.plugins.CorePlugin), Atom(sbt.plugins.JvmPlugin))),Set(Atom(org.jetbrains.sbt.indices.SbtIntellijIndicesPlugin))))
[debug]   :: deduced result: Matched(sbt.plugins.CorePlugin,sbt.plugins.Giter8TemplatePlugin,sbt.plugins.IvyPlugin,sbt.plugins.JvmPlugin,sbt.plugins.SemanticdbPlugin,org.jetbrains.sbt.indices.SbtIntellijIndicesPlugin,sbt.plugins.JUnitXmlReportPlugin,org.jetbrains.sbt.IdeaShellPlugin,org.jetbrains.sbt.StructurePlugin,sbt.plugins.MiniDependencyTreePlugin)
[debug] Plugins.deducer#function took 1.8842 ms
[info] loading settings for project root from build.sbt ...
[debug]         Load.resolveProject(root) took 19.3013ms
[debug]       Load.loadTransitive: finalizeProject(Project(id root, base: C:\Users\Tom\Programming\Chat-App\Akka-Scala-Chat-App, plugins: List(<none>))) took 22.1079ms
[debug] [Loading] Done in C:\Users\Tom\Programming\Chat-App\Akka-Scala-Chat-App, returning: (root)
[debug]     Load.loadUnit: loadedProjectsRaw took 98.4867ms
[debug]     Load.loadUnit: cleanEvalClasses took 11.7622ms
[debug]   Load.loadUnit(file:/C:/Users/Tom/Programming/Chat-App/Akka-Scala-Chat-App/, ...) took 493.009ms
[debug] Load.apply: load took 494.3586ms
[debug] Load.apply: resolveProjects took 0.1463ms
[debug] Load.apply: finalTransforms took 16.408ms
[debug] Load.apply: config.delegates took 0.2539ms
[debug] Load.apply: Def.make(settings)... took 43.8457ms
[debug] Load.apply: structureIndex took 27.5533ms
[debug] Load.apply: mkStreams took 0.0023ms
[info] set current project to Akka-Scala-Chat-App (in build file:/C:/Users/Tom/Programming/Chat-App/Akka-Scala-Chat-App/)
[warn] there's a key that's not used by any other settings/tasks:
[warn]  
[warn] * root / idePackagePrefix
[warn]   +- C:\Users\Tom\Programming\Chat-App\Akka-Scala-Chat-App\build.sbt:8
[warn]  
[warn] note: a setting might still be used by a command; to exclude a key from this `lintUnused` check
[warn] either append it to `Global / excludeLintKeys` or call .withRank(KeyRanks.Invisible) on the key
[debug] > Exec(sbtPopOnFailure, None, None)
[debug] > Exec(resumeFromFailure, None, None)
[debug] > Exec(notifyUsersAboutShell, None, None)
[debug] > Exec(iflast shell, None, None)
[debug] > Exec(; set ideaPort in Global := 63862 ; idea-shell, None, None)
[debug] > Exec(set ideaPort in Global := 63862, None, None)
[info] Defining Global / ideaPort
[info] The new value will be used by Compile / compile, Test / compile
[debug] Defining 
[debug] 	Global / ideaPort
[debug] 
[debug] The new value will be used by 
[debug] 	Compile / compile
[debug] 	Test / compile
[info] Reapplying settings...
[info] set current project to Akka-Scala-Chat-App (in build file:/C:/Users/Tom/Programming/Chat-App/Akka-Scala-Chat-App/)
[debug] > Exec(idea-shell, None, None)
