[debug] > Exec(early(addDefaultCommands), None, None)
[debug] > Exec(addDefaultCommands, None, None)
[debug] > Exec(early(initialize), None, None)
[debug] > Exec(initialize, None, None)
[debug] > Exec(early(addPluginSbtFile="""C:\Users\Tom\AppData\Local\Temp\idea1.sbt"""), None, None)
[debug] > Exec(addPluginSbtFile="""C:\Users\Tom\AppData\Local\Temp\idea1.sbt""", None, None)
[debug] > Exec(boot, None, None)
[debug] > Exec(writeSbtVersion, None, None)
[debug] > Exec(reload, None, None)
[debug] > Exec(sbtStashOnFailure, None, None)
[debug] > Exec(onFailure loadFailed, None, None)
[debug] > Exec(loadp, None, None)
[info] welcome to sbt 1.9.3 (Oracle Corporation Java 19.0.2)
[debug]       Load.loadUnit: plugins took 75.1701ms
[debug]       Load.loadUnit: defsScala took 0.266299ms
[debug] [Loading] Scanning directory C:\Users\Tom\.sbt\1.0\plugins
[debug] [Loading] Found non-root projects 
[debug] [Loading] Done in C:\Users\Tom\.sbt\1.0\plugins, returning: ()
[debug] deducing auto plugins based on known facts Set(Atom(sbt.plugins.CorePlugin)) and clauses Clauses(Clause(Atom(sbt.plugins.JvmPlugin),Set(Atom(sbt.plugins.IvyPlugin)))
[debug] Clause(Atom(sbt.ScriptedPlugin),Set(Atom(sbt.plugins.JvmPlugin)))
[debug] Clause(Atom(sbt.plugins.SbtPlugin),Set(Atom(sbt.ScriptedPlugin)))
[debug] Clause(Atom(sbt.plugins.SemanticdbPlugin),Set(Atom(sbt.plugins.JvmPlugin)))
[debug] Clause(Atom(sbt.plugins.JUnitXmlReportPlugin),Set(Atom(sbt.plugins.JvmPlugin)))
[debug] Clause(Atom(sbt.plugins.MiniDependencyTreePlugin),Set(Atom(sbt.plugins.JvmPlugin)))
[debug] Clause(Atom(sbt.plugins.CorePlugin),Set(Atom(sbt.plugins.IvyPlugin)))
[debug] Clause(Atom(sbt.plugins.IvyPlugin),Set(Atom(sbt.plugins.JvmPlugin)))
[debug] Clause(Atom(sbt.plugins.JvmPlugin),Set(Atom(sbt.plugins.SemanticdbPlugin)))
[debug] Clause(Atom(sbt.plugins.JvmPlugin),Set(Atom(sbt.plugins.JUnitXmlReportPlugin)))
[debug] Clause(Atom(sbt.plugins.CorePlugin),Set(Atom(sbt.plugins.Giter8TemplatePlugin)))
[debug] Clause(Atom(sbt.plugins.JvmPlugin),Set(Atom(sbt.plugins.MiniDependencyTreePlugin))))
[debug]   :: deduced result: Matched(sbt.plugins.CorePlugin,sbt.plugins.Giter8TemplatePlugin,sbt.plugins.IvyPlugin,sbt.plugins.JvmPlugin,sbt.plugins.MiniDependencyTreePlugin,sbt.plugins.JUnitXmlReportPlugin,sbt.plugins.SemanticdbPlugin)
[debug] Plugins.deducer#function took 10.127401 ms
[debug]           Load.resolveProject(global-plugins) took 30.110199ms
[debug]         Load.loadTransitive: finalizeProject(Project(id global-plugins, base: C:\Users\Tom\.sbt\1.0\plugins, plugins: List(<none>))) took 55.3811ms
[debug] [Loading] Done in C:\Users\Tom\.sbt\1.0\plugins, returning: (global-plugins)
[debug]       Load.loadUnit: loadedProjectsRaw took 96.626ms
[debug]       Load.loadUnit: cleanEvalClasses took 0.125501ms
[debug]     Load.loadUnit(file:/C:/Users/Tom/.sbt/1.0/plugins/, ...) took 179.696801ms
[debug]   Load.apply: load took 302.7031ms
[debug]   Load.apply: resolveProjects took 3.6642ms
[debug]   Load.apply: finalTransforms took 39.8215ms
[debug]   Load.apply: config.delegates took 7.414099ms
[debug]   Load.apply: Def.make(settings)... took 291.5064ms
[debug]   Load.apply: structureIndex took 98.9653ms
[debug]   Load.apply: mkStreams took 1.908ms
[info] loading global plugins from C:\Users\Tom\.sbt\1.0\plugins
[debug] Running task... Cancel: Signal, check cycles: false, forcegc: true
[debug] Load.defaultLoad until apply took 1618.7156ms
[debug]           Load.loadUnit: plugins took 15.938999ms
[debug]           Load.loadUnit: defsScala took 0.0024ms
[debug] [Loading] Scanning directory C:\Users\Tom\Programming\Chat-App\Akka-Scala-Chat-App\project
[debug]             Load.loadUnit: mkEval took 3.3685ms
[debug] [Loading] Found non-root projects 
[debug] [Loading] Done in C:\Users\Tom\Programming\Chat-App\Akka-Scala-Chat-App\project, returning: ()
[debug] deducing auto plugins based on known facts Set(Atom(sbt.plugins.CorePlugin)) and clauses Clauses(Clause(Atom(sbt.plugins.JvmPlugin),Set(Atom(sbt.plugins.IvyPlugin)))
[debug] Clause(Atom(sbt.ScriptedPlugin),Set(Atom(sbt.plugins.JvmPlugin)))
[debug] Clause(Atom(sbt.plugins.SbtPlugin),Set(Atom(sbt.ScriptedPlugin)))
[debug] Clause(Atom(sbt.plugins.SemanticdbPlugin),Set(Atom(sbt.plugins.JvmPlugin)))
[debug] Clause(Atom(sbt.plugins.JUnitXmlReportPlugin),Set(Atom(sbt.plugins.JvmPlugin)))
[debug] Clause(Atom(sbt.plugins.MiniDependencyTreePlugin),Set(Atom(sbt.plugins.JvmPlugin)))
[debug] Clause(Atom(sbt.plugins.CorePlugin),Set(Atom(sbt.plugins.IvyPlugin)))
[debug] Clause(Atom(sbt.plugins.IvyPlugin),Set(Atom(sbt.plugins.JvmPlugin)))
[debug] Clause(Atom(sbt.plugins.JvmPlugin),Set(Atom(sbt.plugins.SemanticdbPlugin)))
[debug] Clause(Atom(sbt.plugins.JvmPlugin),Set(Atom(sbt.plugins.JUnitXmlReportPlugin)))
[debug] Clause(Atom(sbt.plugins.CorePlugin),Set(Atom(sbt.plugins.Giter8TemplatePlugin)))
[debug] Clause(Atom(sbt.plugins.JvmPlugin),Set(Atom(sbt.plugins.MiniDependencyTreePlugin))))
[debug]   :: deduced result: Matched(sbt.plugins.CorePlugin,sbt.plugins.Giter8TemplatePlugin,sbt.plugins.IvyPlugin,sbt.plugins.JvmPlugin,sbt.plugins.MiniDependencyTreePlugin,sbt.plugins.JUnitXmlReportPlugin,sbt.plugins.SemanticdbPlugin)
[debug] Plugins.deducer#function took 1.351101 ms
[info] loading settings for project akka-scala-chat-app-build from plugins.sbt,idea1.sbt ...
[debug]               Load.resolveProject(akka-scala-chat-app-build) took 1.984299ms
[debug]             Load.loadTransitive: finalizeProject(Project(id akka-scala-chat-app-build, base: C:\Users\Tom\Programming\Chat-App\Akka-Scala-Chat-App\project, plugins: List(<none>))) took 3.6605ms
[debug] [Loading] Done in C:\Users\Tom\Programming\Chat-App\Akka-Scala-Chat-App\project, returning: (akka-scala-chat-app-build)
[debug]           Load.loadUnit: loadedProjectsRaw took 91.946ms
[debug]           Load.loadUnit: cleanEvalClasses took 4.9022ms
[debug]         Load.loadUnit(file:/C:/Users/Tom/Programming/Chat-App/Akka-Scala-Chat-App/project/, ...) took 113.364601ms
[debug]       Load.apply: load took 114.2353ms
[debug]       Load.apply: resolveProjects took 0.0627ms
[debug]       Load.apply: finalTransforms took 6.741601ms
[debug]       Load.apply: config.delegates took 0.31ms
[debug]       Load.apply: Def.make(settings)... took 49.7357ms
[debug]       Load.apply: structureIndex took 24.086999ms
[debug]       Load.apply: mkStreams took 0.0027ms
[info] loading project definition from C:\Users\Tom\Programming\Chat-App\Akka-Scala-Chat-App\project
[debug] Running task... Cancel: Signal, check cycles: false, forcegc: true
[debug]     Load.loadUnit: plugins took 369.5058ms
[debug]     Load.loadUnit: defsScala took 0.0021ms
[debug] [Loading] Scanning directory C:\Users\Tom\Programming\Chat-App\Akka-Scala-Chat-App
[debug]       Load.loadUnit: mkEval took 0.1773ms
[debug] [Loading] Found root project root w/ remaining 
[debug] deducing auto plugins based on known facts Set(Atom(sbt.plugins.CorePlugin)) and clauses Clauses(Clause(Atom(sbt.plugins.JvmPlugin),Set(Atom(sbt.plugins.IvyPlugin)))
[debug] Clause(Atom(sbt.ScriptedPlugin),Set(Atom(sbt.plugins.JvmPlugin)))
[debug] Clause(Atom(sbt.plugins.SbtPlugin),Set(Atom(sbt.ScriptedPlugin)))
[debug] Clause(Atom(sbt.plugins.SemanticdbPlugin),Set(Atom(sbt.plugins.JvmPlugin)))
[debug] Clause(Atom(sbt.plugins.JUnitXmlReportPlugin),Set(Atom(sbt.plugins.JvmPlugin)))
[debug] Clause(Atom(sbt.plugins.MiniDependencyTreePlugin),Set(Atom(sbt.plugins.JvmPlugin)))
[debug] Clause(Atom(sbtide.ConfigPlugin),Set(Atom(sbt.plugins.JvmPlugin)))
[debug] Clause(Atom(org.jetbrains.sbt.StructurePlugin),Set(Atom(sbt.plugins.JvmPlugin)))
[debug] Clause(Atom(org.jetbrains.sbt.IdeaShellPlugin),Set(Atom(sbt.plugins.JvmPlugin)))
[debug] Clause(Atom(org.jetbrains.sbt.indices.SbtIntellijIndicesPlugin),Set(Atom(sbt.plugins.JvmPlugin)))
[debug] Clause(Atom(sbt.plugins.CorePlugin),Set(Atom(sbt.plugins.IvyPlugin)))
[debug] Clause(Atom(sbt.plugins.IvyPlugin),Set(Atom(sbt.plugins.JvmPlugin)))
[debug] Clause(Atom(sbt.plugins.JvmPlugin),Set(Atom(sbt.plugins.SemanticdbPlugin)))
[debug] Clause(Atom(sbt.plugins.JvmPlugin),Set(Atom(sbt.plugins.JUnitXmlReportPlugin)))
[debug] Clause(Atom(sbt.plugins.CorePlugin),Set(Atom(sbt.plugins.Giter8TemplatePlugin)))
[debug] Clause(Atom(sbt.plugins.JvmPlugin),Set(Atom(sbt.plugins.MiniDependencyTreePlugin)))
[debug] Clause(Atom(sbt.plugins.JvmPlugin),Set(Atom(org.jetbrains.sbt.StructurePlugin)))
[debug] Clause(Atom(sbt.plugins.JvmPlugin),Set(Atom(org.jetbrains.sbt.IdeaShellPlugin)))
[debug] Clause(And(Set(Atom(sbt.plugins.CorePlugin), Atom(sbt.plugins.JvmPlugin))),Set(Atom(org.jetbrains.sbt.indices.SbtIntellijIndicesPlugin))))
[debug]   :: deduced result: Matched(sbt.plugins.CorePlugin,sbt.plugins.Giter8TemplatePlugin,sbt.plugins.IvyPlugin,sbt.plugins.JvmPlugin,sbt.plugins.SemanticdbPlugin,org.jetbrains.sbt.indices.SbtIntellijIndicesPlugin,sbt.plugins.JUnitXmlReportPlugin,org.jetbrains.sbt.IdeaShellPlugin,org.jetbrains.sbt.StructurePlugin,sbt.plugins.MiniDependencyTreePlugin)
[debug] Plugins.deducer#function took 1.8666 ms
[info] loading settings for project root from build.sbt ...
[debug]         Load.resolveProject(root) took 16.2924ms
[debug]       Load.loadTransitive: finalizeProject(Project(id root, base: C:\Users\Tom\Programming\Chat-App\Akka-Scala-Chat-App, plugins: List(<none>))) took 19.228599ms
[debug] [Loading] Done in C:\Users\Tom\Programming\Chat-App\Akka-Scala-Chat-App, returning: (root)
[debug]     Load.loadUnit: loadedProjectsRaw took 102.5929ms
[debug]     Load.loadUnit: cleanEvalClasses took 14.3017ms
[debug]   Load.loadUnit(file:/C:/Users/Tom/Programming/Chat-App/Akka-Scala-Chat-App/, ...) took 487.018799ms
[debug] Load.apply: load took 488.2498ms
[debug] Load.apply: resolveProjects took 0.1166ms
[debug] Load.apply: finalTransforms took 15.834399ms
[debug] Load.apply: config.delegates took 0.229399ms
[debug] Load.apply: Def.make(settings)... took 44.0685ms
[debug] Load.apply: structureIndex took 18.434501ms
[debug] Load.apply: mkStreams took 0.0019ms
[info] set current project to Akka-Scala-Chat-App (in build file:/C:/Users/Tom/Programming/Chat-App/Akka-Scala-Chat-App/)
[warn] there's a key that's not used by any other settings/tasks:
[warn]  
[warn] * root / idePackagePrefix
[warn]   +- C:\Users\Tom\Programming\Chat-App\Akka-Scala-Chat-App\build.sbt:8
[warn]  
[warn] note: a setting might still be used by a command; to exclude a key from this `lintUnused` check
[warn] either append it to `Global / excludeLintKeys` or call .withRank(KeyRanks.Invisible) on the key
[debug] > Exec(sbtPopOnFailure, None, None)
[debug] > Exec(resumeFromFailure, None, None)
[debug] > Exec(notifyUsersAboutShell, None, None)
[debug] > Exec(iflast shell, None, None)
[debug] > Exec(; set ideaPort in Global := 49201 ; idea-shell, None, None)
[debug] > Exec(set ideaPort in Global := 49201, None, None)
[info] Defining Global / ideaPort
[info] The new value will be used by Compile / compile, Test / compile
[debug] Defining 
[debug] 	Global / ideaPort
[debug] 
[debug] The new value will be used by 
[debug] 	Compile / compile
[debug] 	Test / compile
[info] Reapplying settings...
[info] set current project to Akka-Scala-Chat-App (in build file:/C:/Users/Tom/Programming/Chat-App/Akka-Scala-Chat-App/)
[debug] > Exec(idea-shell, None, None)
